app/build/intermediates/manifest_merge_blame_file/debug/manifest-merger-blame-debug-report.txt
1<?xml version="1.0" encoding="utf-8"?>
2<manifest xmlns:android="http://schemas.android.com/apk/res/android"
3    package="com.example.controlcasa"
4    android:versionCode="1"
5    android:versionName="1.0" >
6
7    <uses-sdk
8        android:minSdkVersion="28"
8-->src\main\AndroidManifest.xml
9        android:targetSdkVersion="30" />
9-->src\main\AndroidManifest.xml
10
11    <uses-permission android:name="android.permission.BLUETOOTH" />
11-->src\main\AndroidManifest.xml:5:5-68
11-->src\main\AndroidManifest.xml:5:22-65
12    <uses-permission android:name="android.permission.BLUETOOTH_ADMIN" />
12-->src\main\AndroidManifest.xml:6:5-74
12-->src\main\AndroidManifest.xml:6:22-71
13    <uses-permission android:name="android.permission.WRITE_CALENDAR" />
13-->src\main\AndroidManifest.xml:8:5-73
13-->src\main\AndroidManifest.xml:8:22-70
14    <uses-permission android:name="android.permission.READ_CALENDAR" />
14-->src\main\AndroidManifest.xml:9:5-72
14-->src\main\AndroidManifest.xml:9:22-69
15    <uses-permission android:name="android.permission.FOREGROUND_SERVICE" />
15-->src\main\AndroidManifest.xml:10:5-77
15-->src\main\AndroidManifest.xml:10:22-74
16    <uses-permission android:name="android.permission.WAKE_LOCK" />
16-->src\main\AndroidManifest.xml:11:5-68
16-->src\main\AndroidManifest.xml:11:22-65
17    <uses-permission android:name="com.google.android.c2dm.permission.RECEIVE" />
17-->src\main\AndroidManifest.xml:12:5-82
17-->src\main\AndroidManifest.xml:12:22-79
18    <uses-permission android:name="com.google.android.gms.permission.ACTIVITY_RECOGNITION" />
18-->src\main\AndroidManifest.xml:13:5-94
18-->src\main\AndroidManifest.xml:13:22-91
19    <uses-permission android:name="android.permission.VIBRATE" />
19-->src\main\AndroidManifest.xml:14:5-66
19-->src\main\AndroidManifest.xml:14:22-63
20    <!-- MAKE ALARMS RESTART ON REBOOT -->
21    <uses-permission android:name="android.permission.RECEIVE_BOOT_COMPLETED" />
21-->src\main\AndroidManifest.xml:16:5-80
21-->src\main\AndroidManifest.xml:16:22-78
22
23    <application
23-->src\main\AndroidManifest.xml:19:5-62:19
24        android:allowBackup="true"
24-->src\main\AndroidManifest.xml:20:9-35
25        android:appComponentFactory="androidx.core.app.CoreComponentFactory"
25-->[androidx.core:core:1.3.1] AndroidManifest.xml:24:18-86
26        android:debuggable="true"
27        android:extractNativeLibs="false"
28        android:icon="@mipmap/ic_launcher"
28-->src\main\AndroidManifest.xml:21:9-43
29        android:label="@string/app_name"
29-->src\main\AndroidManifest.xml:22:9-41
30        android:roundIcon="@mipmap/ic_launcher_round"
30-->src\main\AndroidManifest.xml:23:9-54
31        android:supportsRtl="true"
31-->src\main\AndroidManifest.xml:24:9-35
32        android:testOnly="true"
33        android:theme="@style/AppTheme" >
33-->src\main\AndroidManifest.xml:25:9-40
34        <activity android:name="com.example.contcasa.MainActivity2" >
34-->src\main\AndroidManifest.xml:27:9-33:20
34-->src\main\AndroidManifest.xml:27:19-48
35            <intent-filter>
35-->src\main\AndroidManifest.xml:28:13-32:29
36                <action android:name="android.intent.action.MAIN" />
36-->src\main\AndroidManifest.xml:29:17-69
36-->src\main\AndroidManifest.xml:29:25-66
37
38                <category android:name="android.intent.category.LAUNCHER" />
38-->src\main\AndroidManifest.xml:31:17-77
38-->src\main\AndroidManifest.xml:31:27-74
39            </intent-filter>
40        </activity>
41        <activity android:name="com.example.contcasa.DeviceListActivity" />
41-->src\main\AndroidManifest.xml:34:9-56
41-->src\main\AndroidManifest.xml:34:19-53
42        <activity android:name="com.example.contcasa.MainActivity" />
42-->src\main\AndroidManifest.xml:35:9-50
42-->src\main\AndroidManifest.xml:35:19-47
43        <activity
43-->src\main\AndroidManifest.xml:36:9-43:20
44            android:name="com.example.contcasa.alarma"
44-->src\main\AndroidManifest.xml:37:13-35
45            android:parentActivityName="com.example.contcasa.MainActivity2" >
45-->src\main\AndroidManifest.xml:38:14-57
46            <meta-data
46-->src\main\AndroidManifest.xml:40:13-42:63
47                android:name="android.support.PARENT_ACTIVITY"
47-->src\main\AndroidManifest.xml:41:17-63
48                android:value="com.example.contcasa.alarma" />
48-->src\main\AndroidManifest.xml:42:17-60
49        </activity>
50
51        <receiver
51-->src\main\AndroidManifest.xml:44:9-46:38
52            android:name="com.walkiriaapps.alarmmanagersampl.AlarmReceiver"
52-->src\main\AndroidManifest.xml:45:13-76
53            android:enabled="true" />
53-->src\main\AndroidManifest.xml:46:13-35
54
55        <service
55-->src\main\AndroidManifest.xml:48:9-50:38
56            android:name="com.walkiriaapps.alarmmanagersampl.NotificationService"
56-->src\main\AndroidManifest.xml:49:13-82
57            android:enabled="true" />
57-->src\main\AndroidManifest.xml:50:13-35
58
59        <meta-data
59-->src\main\AndroidManifest.xml:52:9-54:57
60            android:name="preloaded_fonts"
60-->src\main\AndroidManifest.xml:53:13-43
61            android:resource="@array/preloaded_fonts" /> <!-- MAKE ALARMS RESTART ON REBOOT -->
61-->src\main\AndroidManifest.xml:54:13-54
62        <service android:name="com.walkiriaapps.alarmmanagersampl.RebootServiceClass" />
62-->src\main\AndroidManifest.xml:55:9-89
62-->src\main\AndroidManifest.xml:55:18-86
63
64        <receiver android:name="com.walkiriaapps.alarmmanagersampl.MyRebootReceiver" >
64-->src\main\AndroidManifest.xml:57:9-61:20
64-->src\main\AndroidManifest.xml:57:19-85
65            <intent-filter>
65-->src\main\AndroidManifest.xml:58:13-60:29
66                <action android:name="android.intent.action.BOOT_COMPLETED" />
66-->src\main\AndroidManifest.xml:59:17-79
66-->src\main\AndroidManifest.xml:59:25-76
67            </intent-filter>
68        </receiver>
69    </application>
70
71</manifest>